Test
plab1080 pe101.comp.nus.edu.sg Mon, 07 Jun 2021 19:56:31 +0800
plab1080 pe101.comp.nus.edu.sg Mon, 07 Jun 2021 19:59:27 +0800
plab1080 pe101.comp.nus.edu.sg Mon, 07 Jun 2021 20:01:41 +0800
plab1080 pe101.comp.nus.edu.sg Mon, 07 Jun 2021 20:02:14 +0800
plab1080 pe101.comp.nus.edu.sg Wed, 09 Jun 2021 12:30:53 +0800
plab1035 pe101.comp.nus.edu.sg Wed, 09 Jun 2021 12:36:47 +0800
plab1001 pe101.comp.nus.edu.sg Wed, 09 Jun 2021 13:04:23 +0800
plab1020 pe101.comp.nus.edu.sg Wed, 09 Jun 2021 13:10:34 +0800
plab1045 pe101.comp.nus.edu.sg Wed, 09 Jun 2021 13:27:35 +0800
plab1061 pe101.comp.nus.edu.sg Wed, 09 Jun 2021 13:28:37 +0800
e0425637 pe111.comp.nus.edu.sg Wed, 09 Jun 2021 13:50:23 +0800
plab1023 pe101.comp.nus.edu.sg Wed, 09 Jun 2021 13:53:19 +0800
avellin pe112.comp.nus.edu.sg Wed, 09 Jun 2021 13:57:42 +0800
plab1064 pe101.comp.nus.edu.sg Wed, 09 Jun 2021 14:01:07 +0800
plab1030 pe101.comp.nus.edu.sg Wed, 09 Jun 2021 14:01:19 +0800
plab1009 pe101.comp.nus.edu.sg Wed, 09 Jun 2021 14:01:40 +0800
plab1042 pe101.comp.nus.edu.sg Wed, 09 Jun 2021 14:02:27 +0800
plab1063 pe101.comp.nus.edu.sg Wed, 09 Jun 2021 14:02:56 +0800
plab1059 pe101.comp.nus.edu.sg Wed, 09 Jun 2021 14:03:14 +0800
e0407791 pe111.comp.nus.edu.sg Wed, 09 Jun 2021 14:03:58 +0800
plab1014 pe101.comp.nus.edu.sg Wed, 09 Jun 2021 14:06:35 +0800
plab1036 pe101.comp.nus.edu.sg Wed, 09 Jun 2021 14:07:19 +0800
plab1041 pe101.comp.nus.edu.sg Wed, 09 Jun 2021 14:08:26 +0800
plab1058 pe101.comp.nus.edu.sg Wed, 09 Jun 2021 14:08:54 +0800
e0310651 pe117.comp.nus.edu.sg Wed, 09 Jun 2021 14:09:54 +0800
plab1050 pe101.comp.nus.edu.sg Wed, 09 Jun 2021 14:10:20 +0800
e0310651 pe117.comp.nus.edu.sg Wed, 09 Jun 2021 14:11:20 +0800
e0310651 pe117.comp.nus.edu.sg Wed, 09 Jun 2021 14:12:00 +0800
plab1054 pe101.comp.nus.edu.sg Wed, 09 Jun 2021 14:14:38 +0800
plab1032 pe101.comp.nus.edu.sg Wed, 09 Jun 2021 14:14:41 +0800
plab1026 pe101.comp.nus.edu.sg Wed, 09 Jun 2021 14:15:10 +0800
plab1005 pe101.comp.nus.edu.sg Wed, 09 Jun 2021 14:15:15 +0800
plab1017 pe101.comp.nus.edu.sg Wed, 09 Jun 2021 14:15:47 +0800
plab1028 pe101.comp.nus.edu.sg Wed, 09 Jun 2021 14:15:48 +0800
plab1065 pe101.comp.nus.edu.sg Wed, 09 Jun 2021 14:17:07 +0800
plab1049 pe101.comp.nus.edu.sg Wed, 09 Jun 2021 14:17:24 +0800
plab1052 pe101.comp.nus.edu.sg Wed, 09 Jun 2021 14:17:26 +0800
plab1047 pe101.comp.nus.edu.sg Wed, 09 Jun 2021 14:17:31 +0800
plab1055 pe101.comp.nus.edu.sg Wed, 09 Jun 2021 14:17:35 +0800
plab1033 pe101.comp.nus.edu.sg Wed, 09 Jun 2021 14:17:37 +0800
plab1029 pe101.comp.nus.edu.sg Wed, 09 Jun 2021 14:18:09 +0800
plab1040 pe101.comp.nus.edu.sg Wed, 09 Jun 2021 14:19:26 +0800
plab1011 pe101.comp.nus.edu.sg Wed, 09 Jun 2021 14:20:56 +0800
plab1021 pe101.comp.nus.edu.sg Wed, 09 Jun 2021 14:25:25 +0800
plab1013 pe101.comp.nus.edu.sg Wed, 09 Jun 2021 14:27:58 +0800
plab1006 pe101.comp.nus.edu.sg Wed, 09 Jun 2021 14:30:42 +0800
plab1024 pe101.comp.nus.edu.sg Wed, 09 Jun 2021 14:31:49 +0800
plab1062 pe101.comp.nus.edu.sg Wed, 09 Jun 2021 14:39:11 +0800
plab1048 pe101.comp.nus.edu.sg Wed, 09 Jun 2021 15:09:11 +0800
plab1044 pe101.comp.nus.edu.sg Wed, 09 Jun 2021 15:23:22 +0800
plab1040 pe101.comp.nus.edu.sg Wed, 09 Jun 2021 15:27:23 +0800
plab1067 pe101.comp.nus.edu.sg Wed, 09 Jun 2021 15:28:50 +0800
plab1057 pe101.comp.nus.edu.sg Wed, 09 Jun 2021 15:50:42 +0800
e0310626 pe111.comp.nus.edu.sg Wed, 09 Jun 2021 18:21:41 +0800
e0310626 pe111.comp.nus.edu.sg Wed, 09 Jun 2021 19:28:58 +0800
plab1025 pe101.comp.nus.edu.sg Wed, 09 Jun 2021 21:18:47 +0800
plab1046 pe101.comp.nus.edu.sg Wed, 09 Jun 2021 23:26:59 +0800
plab1004 pe101.comp.nus.edu.sg Thu, 10 Jun 2021 10:20:19 +0800
plab1012 pe101.comp.nus.edu.sg Thu, 10 Jun 2021 10:35:16 +0800
plab1068 pe101.comp.nus.edu.sg Thu, 10 Jun 2021 10:37:19 +0800
plab1027 pe101.comp.nus.edu.sg Thu, 10 Jun 2021 11:52:46 +0800
plab1051 pe101.comp.nus.edu.sg Thu, 10 Jun 2021 14:21:53 +0800
plab1038 pe101.comp.nus.edu.sg Thu, 10 Jun 2021 17:31:51 +0800
plab1022 pe101.comp.nus.edu.sg Thu, 10 Jun 2021 18:58:43 +0800
e0425637 pe111.comp.nus.edu.sg Thu, 10 Jun 2021 20:05:50 +0800
plab1066 pe101.comp.nus.edu.sg Thu, 10 Jun 2021 21:48:37 +0800
plab1007 pe101.comp.nus.edu.sg Fri, 11 Jun 2021 00:01:03 +0800
plab1043 pe101.comp.nus.edu.sg Fri, 11 Jun 2021 09:39:56 +0800
plab1013 pe101.comp.nus.edu.sg Fri, 11 Jun 2021 11:11:59 +0800
e0564989 pe120.comp.nus.edu.sg Fri, 11 Jun 2021 11:48:35 +0800
e0407797 pe111.comp.nus.edu.sg Fri, 11 Jun 2021 12:14:31 +0800
e0313585 pe118.comp.nus.edu.sg Fri, 11 Jun 2021 13:27:11 +0800
e0313585 pe118.comp.nus.edu.sg Fri, 11 Jun 2021 13:28:45 +0800
boyd pe111.comp.nus.edu.sg Fri, 11 Jun 2021 13:44:07 +0800
boyd pe111.comp.nus.edu.sg Fri, 11 Jun 2021 13:46:41 +0800
boyd pe111.comp.nus.edu.sg Fri, 11 Jun 2021 13:47:57 +0800
boyd pe111.comp.nus.edu.sg Fri, 11 Jun 2021 13:48:26 +0800
plab1080 pe101.comp.nus.edu.sg Fri, 11 Jun 2021 13:49:54 +0800
boyd pe111.comp.nus.edu.sg Fri, 11 Jun 2021 13:55:07 +0800
boyd pe111.comp.nus.edu.sg Fri, 11 Jun 2021 13:55:09 +0800
boyd pe111.comp.nus.edu.sg Fri, 11 Jun 2021 13:55:10 +0800
boyd pe111.comp.nus.edu.sg Fri, 11 Jun 2021 13:59:33 +0800
boyd pe111.comp.nus.edu.sg Fri, 11 Jun 2021 13:59:34 +0800
boyd pe111.comp.nus.edu.sg Fri, 11 Jun 2021 13:59:48 +0800
boyd pe111.comp.nus.edu.sg Fri, 11 Jun 2021 13:59:49 +0800
boyd pe111.comp.nus.edu.sg Fri, 11 Jun 2021 14:04:08 +0800
boyd pe111.comp.nus.edu.sg Fri, 11 Jun 2021 14:04:10 +0800
boyd pe111.comp.nus.edu.sg Fri, 11 Jun 2021 14:04:10 +0800
boyd pe111.comp.nus.edu.sg Fri, 11 Jun 2021 14:04:11 +0800
plab1080 pe101.comp.nus.edu.sg Sat, 12 Jun 2021 09:32:14 +0800
plab1080 pe101.comp.nus.edu.sg Sat, 12 Jun 2021 09:33:23 +0800
plab1080 pe101.comp.nus.edu.sg Sat, 12 Jun 2021 09:33:25 +0800
plab1080 pe101.comp.nus.edu.sg Sat, 12 Jun 2021 09:34:38 +0800
plab1080 pe101.comp.nus.edu.sg Sat, 12 Jun 2021 09:34:39 +0800
plab1080 pe101.comp.nus.edu.sg Sat, 12 Jun 2021 09:34:48 +0800
plab1080 pe101.comp.nus.edu.sg Sat, 12 Jun 2021 09:35:10 +0800
plab1080 pe101.comp.nus.edu.sg Sat, 12 Jun 2021 09:35:12 +0800
plab1080 pe101.comp.nus.edu.sg Sat, 12 Jun 2021 09:35:28 +0800
plab1080 pe101.comp.nus.edu.sg Sat, 12 Jun 2021 09:35:30 +0800
plab1080 pe101.comp.nus.edu.sg Sat, 12 Jun 2021 09:36:00 +0800
plab1080 pe101.comp.nus.edu.sg Sat, 12 Jun 2021 09:37:02 +0800
plab1080 pe101.comp.nus.edu.sg Sat, 12 Jun 2021 09:39:02 +0800
plab1080 pe101.comp.nus.edu.sg Sat, 12 Jun 2021 09:44:02 +0800
plab1080 pe101.comp.nus.edu.sg Sat, 12 Jun 2021 09:46:41 +0800
plab1014 pe101.comp.nus.edu.sg Sat, 12 Jun 2021 10:02:02 +0800
plab1022 pe101.comp.nus.edu.sg Sat, 12 Jun 2021 10:02:40 +0800
plab1028 pe101.comp.nus.edu.sg Sat, 12 Jun 2021 10:03:07 +0800
plab1044 pe101.comp.nus.edu.sg Sat, 12 Jun 2021 10:04:37 +0800
plab1024 pe101.comp.nus.edu.sg Sat, 12 Jun 2021 10:04:43 +0800
plab1024 pe101.comp.nus.edu.sg Sat, 12 Jun 2021 10:05:15 +0800
plab1044 pe101.comp.nus.edu.sg Sat, 12 Jun 2021 10:05:15 +0800
plab1024 pe101.comp.nus.edu.sg Sat, 12 Jun 2021 10:05:25 +0800
plab1024 pe101.comp.nus.edu.sg Sat, 12 Jun 2021 10:05:27 +0800
plab1022 pe101.comp.nus.edu.sg Sat, 12 Jun 2021 10:05:31 +0800
plab1024 pe101.comp.nus.edu.sg Sat, 12 Jun 2021 10:05:44 +0800
plab1044 pe101.comp.nus.edu.sg Sat, 12 Jun 2021 10:06:02 +0800
plab1022 pe101.comp.nus.edu.sg Sat, 12 Jun 2021 10:06:14 +0800
plab1044 pe101.comp.nus.edu.sg Sat, 12 Jun 2021 10:06:24 +0800
plab1061 pe101.comp.nus.edu.sg Sat, 12 Jun 2021 10:06:42 +0800
plab1030 pe101.comp.nus.edu.sg Sat, 12 Jun 2021 10:06:47 +0800
plab1044 pe101.comp.nus.edu.sg Sat, 12 Jun 2021 10:06:48 +0800
plab1059 pe101.comp.nus.edu.sg Sat, 12 Jun 2021 10:06:49 +0800
plab1053 pe101.comp.nus.edu.sg Sat, 12 Jun 2021 10:06:51 +0800
plab1029 pe101.comp.nus.edu.sg Sat, 12 Jun 2021 10:06:53 +0800
plab1053 pe101.comp.nus.edu.sg Sat, 12 Jun 2021 10:06:54 +0800
plab1053 pe101.comp.nus.edu.sg Sat, 12 Jun 2021 10:06:57 +0800
plab1043 pe101.comp.nus.edu.sg Sat, 12 Jun 2021 10:06:57 +0800
plab1053 pe101.comp.nus.edu.sg Sat, 12 Jun 2021 10:06:58 +0800
plab1004 pe101.comp.nus.edu.sg Sat, 12 Jun 2021 10:06:59 +0800
plab1013 pe101.comp.nus.edu.sg Sat, 12 Jun 2021 10:07:01 +0800
plab1047 pe101.comp.nus.edu.sg Sat, 12 Jun 2021 10:07:02 +0800
plab1029 pe101.comp.nus.edu.sg Sat, 12 Jun 2021 10:07:02 +0800
plab1053 pe101.comp.nus.edu.sg Sat, 12 Jun 2021 10:07:03 +0800
plab1049 pe101.comp.nus.edu.sg Sat, 12 Jun 2021 10:07:04 +0800
plab1056 pe101.comp.nus.edu.sg Sat, 12 Jun 2021 10:07:06 +0800
plab1029 pe101.comp.nus.edu.sg Sat, 12 Jun 2021 10:07:07 +0800
plab1013 pe101.comp.nus.edu.sg Sat, 12 Jun 2021 10:07:08 +0800
plab1026 pe101.comp.nus.edu.sg Sat, 12 Jun 2021 10:07:10 +0800
plab1064 pe101.comp.nus.edu.sg Sat, 12 Jun 2021 10:07:10 +0800
plab1065 pe101.comp.nus.edu.sg Sat, 12 Jun 2021 10:07:10 +0800
plab1065 pe101.comp.nus.edu.sg Sat, 12 Jun 2021 10:07:11 +0800
plab1053 pe101.comp.nus.edu.sg Sat, 12 Jun 2021 10:07:12 +0800
plab1061 pe101.comp.nus.edu.sg Sat, 12 Jun 2021 10:07:14 +0800
plab1004 pe101.comp.nus.edu.sg Sat, 12 Jun 2021 10:07:16 +0800
plab1001 pe101.comp.nus.edu.sg Sat, 12 Jun 2021 10:07:16 +0800
plab1065 pe101.comp.nus.edu.sg Sat, 12 Jun 2021 10:07:17 +0800
plab1059 pe101.comp.nus.edu.sg Sat, 12 Jun 2021 10:07:18 +0800
plab1061 pe101.comp.nus.edu.sg Sat, 12 Jun 2021 10:07:18 +0800
plab1065 pe101.comp.nus.edu.sg Sat, 12 Jun 2021 10:07:18 +0800
plab1014 pe101.comp.nus.edu.sg Sat, 12 Jun 2021 10:07:18 +0800
plab1044 pe101.comp.nus.edu.sg Sat, 12 Jun 2021 10:07:21 +0800
plab1049 pe101.comp.nus.edu.sg Sat, 12 Jun 2021 10:07:21 +0800
plab1043 pe101.comp.nus.edu.sg Sat, 12 Jun 2021 10:07:23 +0800
plab1029 pe101.comp.nus.edu.sg Sat, 12 Jun 2021 10:07:27 +0800
plab1001 pe101.comp.nus.edu.sg Sat, 12 Jun 2021 10:07:28 +0800
plab1053 pe101.comp.nus.edu.sg Sat, 12 Jun 2021 10:07:30 +0800
plab1044 pe101.comp.nus.edu.sg Sat, 12 Jun 2021 10:07:30 +0800
plab1032 pe101.comp.nus.edu.sg Sat, 12 Jun 2021 10:07:32 +0800
plab1061 pe101.comp.nus.edu.sg Sat, 12 Jun 2021 10:07:37 +0800
plab1026 pe101.comp.nus.edu.sg Sat, 12 Jun 2021 10:07:37 +0800
plab1054 pe101.comp.nus.edu.sg Sat, 12 Jun 2021 10:07:38 +0800
plab1047 pe101.comp.nus.edu.sg Sat, 12 Jun 2021 10:07:40 +0800
plab1059 pe101.comp.nus.edu.sg Sat, 12 Jun 2021 10:07:40 +0800
plab1049 pe101.comp.nus.edu.sg Sat, 12 Jun 2021 10:07:41 +0800
plab1024 pe101.comp.nus.edu.sg Sat, 12 Jun 2021 10:07:41 +0800
plab1001 pe101.comp.nus.edu.sg Sat, 12 Jun 2021 10:07:43 +0800
plab1056 pe101.comp.nus.edu.sg Sat, 12 Jun 2021 10:07:45 +0800
plab1013 pe101.comp.nus.edu.sg Sat, 12 Jun 2021 10:07:49 +0800
plab1009 pe101.comp.nus.edu.sg Sat, 12 Jun 2021 10:07:50 +0800
plab1029 pe101.comp.nus.edu.sg Sat, 12 Jun 2021 10:07:52 +0800
plab1044 pe101.comp.nus.edu.sg Sat, 12 Jun 2021 10:07:53 +0800
plab1043 pe101.comp.nus.edu.sg Sat, 12 Jun 2021 10:08:00 +0800
plab1022 pe101.comp.nus.edu.sg Sat, 12 Jun 2021 10:08:02 +0800
plab1004 pe101.comp.nus.edu.sg Sat, 12 Jun 2021 10:08:06 +0800
plab1064 pe101.comp.nus.edu.sg Sat, 12 Jun 2021 10:08:07 +0800
plab1053 pe101.comp.nus.edu.sg Sat, 12 Jun 2021 10:08:07 +0800
plab1065 pe101.comp.nus.edu.sg Sat, 12 Jun 2021 10:08:10 +0800
plab1008 pe101.comp.nus.edu.sg Sat, 12 Jun 2021 10:08:43 +0800
plab1011 pe101.comp.nus.edu.sg Sat, 12 Jun 2021 10:08:54 +0800
plab1027 pe101.comp.nus.edu.sg Sat, 12 Jun 2021 10:08:55 +0800
plab1058 pe101.comp.nus.edu.sg Sat, 12 Jun 2021 10:08:55 +0800
plab1012 pe101.comp.nus.edu.sg Sat, 12 Jun 2021 10:08:55 +0800
plab1040 pe101.comp.nus.edu.sg Sat, 12 Jun 2021 10:08:56 +0800
plab1080 pe101.comp.nus.edu.sg Sat, 12 Jun 2021 10:08:59 +0800
plab1031 pe101.comp.nus.edu.sg Sat, 12 Jun 2021 10:08:59 +0800
plab1025 pe101.comp.nus.edu.sg Sat, 12 Jun 2021 10:09:00 +0800
plab1028 pe101.comp.nus.edu.sg Sat, 12 Jun 2021 10:09:01 +0800
plab1067 pe101.comp.nus.edu.sg Sat, 12 Jun 2021 10:09:02 +0800
plab1050 pe101.comp.nus.edu.sg Sat, 12 Jun 2021 10:09:02 +0800
plab1006 pe101.comp.nus.edu.sg Sat, 12 Jun 2021 10:09:02 +0800
plab1057 pe101.comp.nus.edu.sg Sat, 12 Jun 2021 10:09:05 +0800
plab1002 pe101.comp.nus.edu.sg Sat, 12 Jun 2021 10:09:07 +0800
plab1051 pe101.comp.nus.edu.sg Sat, 12 Jun 2021 10:09:12 +0800
plab1005 pe101.comp.nus.edu.sg Sat, 12 Jun 2021 10:09:12 +0800
plab1017 pe101.comp.nus.edu.sg Sat, 12 Jun 2021 10:09:13 +0800
plab1068 pe101.comp.nus.edu.sg Sat, 12 Jun 2021 10:09:16 +0800
plab1036 pe101.comp.nus.edu.sg Sat, 12 Jun 2021 10:09:27 +0800
plab1019 pe101.comp.nus.edu.sg Sat, 12 Jun 2021 10:09:38 +0800
plab1014 pe101.comp.nus.edu.sg Sat, 12 Jun 2021 10:10:34 +0800
plab1021 pe101.comp.nus.edu.sg Sat, 12 Jun 2021 10:11:16 +0800
plab1030 pe101.comp.nus.edu.sg Sat, 12 Jun 2021 10:11:20 +0800
plab1048 pe101.comp.nus.edu.sg Sat, 12 Jun 2021 10:12:55 +0800
plab1063 pe101.comp.nus.edu.sg Sat, 12 Jun 2021 10:12:57 +0800
plab1042 pe101.comp.nus.edu.sg Sat, 12 Jun 2021 10:12:57 +0800
plab1035 pe101.comp.nus.edu.sg Sat, 12 Jun 2021 10:12:58 +0800
plab1052 pe101.comp.nus.edu.sg Sat, 12 Jun 2021 10:13:01 +0800
plab1033 pe101.comp.nus.edu.sg Sat, 12 Jun 2021 10:13:01 +0800
plab1010 pe101.comp.nus.edu.sg Sat, 12 Jun 2021 10:13:02 +0800
plab1055 pe101.comp.nus.edu.sg Sat, 12 Jun 2021 10:13:02 +0800
plab1046 pe101.comp.nus.edu.sg Sat, 12 Jun 2021 10:13:02 +0800
plab1020 pe101.comp.nus.edu.sg Sat, 12 Jun 2021 10:13:03 +0800
plab1037 pe101.comp.nus.edu.sg Sat, 12 Jun 2021 10:13:03 +0800
plab1023 pe101.comp.nus.edu.sg Sat, 12 Jun 2021 10:13:03 +0800
plab1038 pe101.comp.nus.edu.sg Sat, 12 Jun 2021 10:13:07 +0800
plab1066 pe101.comp.nus.edu.sg Sat, 12 Jun 2021 10:13:22 +0800
plab1041 pe101.comp.nus.edu.sg Sat, 12 Jun 2021 10:14:15 +0800
plab1007 pe101.comp.nus.edu.sg Sat, 12 Jun 2021 10:15:09 +0800
plab1034 pe101.comp.nus.edu.sg Sat, 12 Jun 2021 10:15:40 +0800
plab1060 pe101.comp.nus.edu.sg Sat, 12 Jun 2021 10:16:52 +0800
plab1039 pe101.comp.nus.edu.sg Sat, 12 Jun 2021 10:18:31 +0800
plab1018 pe101.comp.nus.edu.sg Sat, 12 Jun 2021 10:18:37 +0800
plab1003 pe101.comp.nus.edu.sg Sat, 12 Jun 2021 10:22:50 +0800
plab1045 pe101.comp.nus.edu.sg Sat, 12 Jun 2021 10:30:35 +0800
plab1016 pe101.comp.nus.edu.sg Sat, 12 Jun 2021 10:35:59 +0800
e0407791 pe111.comp.nus.edu.sg Sat, 12 Jun 2021 12:13:36 +0800
